<?xml version="1.0" encoding="UTF-8"?>
<!-- Generated by org.testng.reporters.JUnitReportReporter -->
<testsuite hostname="ATMECSINLT-043" failures="0" tests="2" name="com.org.test.testscripts.PhpTravels" time="26.533" errors="0" timestamp="2019-11-28T17:34:51 IST" skipped="0">
  <testcase classname="com.org.test.testscripts.PhpTravels" name="homePage" time="14.751"/>
  <testcase classname="com.org.test.testscripts.PhpTravels" name="homePage" time="11.782"/>
</testsuite> <!-- com.org.test.testscripts.PhpTravels -->
