<?xml version="1.0" encoding="UTF-8"?>
<!-- Generated by org.testng.reporters.JUnitReportReporter -->
<testsuite hostname="ATMECSINLT-043" failures="0" tests="1" name="com.org.test.dynamicTestNG.DynamicXML" time="22.612" errors="0" timestamp="2019-11-28T15:26:29 IST" skipped="0">
  <testcase classname="com.org.test.dynamicTestNG.DynamicXML" name="set" time="22.612"/>
</testsuite> <!-- com.org.test.dynamicTestNG.DynamicXML -->
