<?xml version="1.0" encoding="UTF-8"?>
<!-- Generated by org.testng.reporters.JUnitReportReporter -->
<testsuite hostname="ATMECSINLT-043" failures="0" tests="1" name="com.org.test.testscripts.TestScript" time="14.065" errors="0" timestamp="2019-11-28T15:09:24 IST" skipped="0">
  <testcase classname="com.org.test.testscripts.TestScript" name="homePage" time="14.065"/>
</testsuite> <!-- com.org.test.testscripts.TestScript -->
